Device: cuda
Loading pretrained model: facebook/map-anything
Loading pretrained dinov2_vitg14 from torch hub
Probing target modules …
  Auto-detected modules: ['proj', 'w3']
trainable params: 2,834,688 || all params: 1,231,325,910 || trainable%: 0.2302
Gradient checkpointing enabled
Criterion: ConfLoss(Regr3D(L2Loss()))
Building dataset …
  Dataset size: 101 scenes
Starting LoRA training for 5000 steps …
  step    50/5000  loss=2.0962  elapsed=110s
  step   100/5000  loss=0.3611  elapsed=202s
  step   150/5000  loss=-0.0347  elapsed=295s
  step   200/5000  loss=-0.2870  elapsed=387s
  step   250/5000  loss=-0.3844  elapsed=481s
  step   300/5000  loss=-0.5160  elapsed=573s
  step   350/5000  loss=-0.5948  elapsed=666s
  step   400/5000  loss=-0.7917  elapsed=758s
  step   450/5000  loss=-0.7966  elapsed=852s
  step   500/5000  loss=-0.8868  elapsed=944s
  Saved LoRA checkpoint → /scratch/izar/silly/lora_checkpoints/mixed_styles_gray_4views/step_000500
  step   550/5000  loss=-0.9029  elapsed=1037s
  step   600/5000  loss=-0.8728  elapsed=1130s
  step   650/5000  loss=-0.9658  elapsed=1223s
  step   700/5000  loss=-0.9299  elapsed=1316s
  step   750/5000  loss=-1.0633  elapsed=1409s
  step   800/5000  loss=-1.1268  elapsed=1501s
  step   850/5000  loss=-1.1079  elapsed=1594s
  step   900/5000  loss=-1.0814  elapsed=1687s
  step   950/5000  loss=-1.1230  elapsed=1780s
  step  1000/5000  loss=-1.2279  elapsed=1873s
  Saved LoRA checkpoint → /scratch/izar/silly/lora_checkpoints/mixed_styles_gray_4views/step_001000
  step  1050/5000  loss=-1.1296  elapsed=1966s
  step  1100/5000  loss=-1.2199  elapsed=2059s
  step  1150/5000  loss=-1.2872  elapsed=2152s
  step  1200/5000  loss=-1.2341  elapsed=2245s
  step  1250/5000  loss=-1.2925  elapsed=2338s
  step  1300/5000  loss=-1.2691  elapsed=2431s
  step  1350/5000  loss=-1.3281  elapsed=2524s
  step  1400/5000  loss=-1.2251  elapsed=2616s
  step  1450/5000  loss=-1.2248  elapsed=2709s
  step  1500/5000  loss=-1.3378  elapsed=2802s
  Saved LoRA checkpoint → /scratch/izar/silly/lora_checkpoints/mixed_styles_gray_4views/step_001500
  step  1550/5000  loss=-1.3823  elapsed=2895s
  step  1600/5000  loss=-1.3270  elapsed=2987s
  step  1650/5000  loss=-1.3187  elapsed=3081s
  step  1700/5000  loss=-1.4253  elapsed=3173s
  step  1750/5000  loss=-1.3256  elapsed=3267s
  step  1800/5000  loss=-1.3655  elapsed=3359s
  step  1850/5000  loss=-1.3676  elapsed=3452s
  step  1900/5000  loss=-1.4071  elapsed=3545s
  step  1950/5000  loss=-1.3723  elapsed=3638s
  step  2000/5000  loss=-1.4757  elapsed=3730s
  Saved LoRA checkpoint → /scratch/izar/silly/lora_checkpoints/mixed_styles_gray_4views/step_002000
  step  2050/5000  loss=-1.4005  elapsed=3824s
  step  2100/5000  loss=-1.3679  elapsed=3916s
  step  2150/5000  loss=-1.4597  elapsed=4009s
  step  2200/5000  loss=-1.4166  elapsed=4102s
  step  2250/5000  loss=-1.4642  elapsed=4195s
  step  2300/5000  loss=-1.4501  elapsed=4288s
  step  2350/5000  loss=-1.4649  elapsed=4381s
  step  2400/5000  loss=-1.5034  elapsed=4474s
  step  2450/5000  loss=-1.3846  elapsed=4567s
  step  2500/5000  loss=-1.4297  elapsed=4660s
  Saved LoRA checkpoint → /scratch/izar/silly/lora_checkpoints/mixed_styles_gray_4views/step_002500
  step  2550/5000  loss=-1.4971  elapsed=4753s
  step  2600/5000  loss=-1.5001  elapsed=4846s
  step  2650/5000  loss=-1.5347  elapsed=4939s
  step  2700/5000  loss=-1.4561  elapsed=5031s
  step  2750/5000  loss=-1.4801  elapsed=5125s
  step  2800/5000  loss=-1.4540  elapsed=5217s
  step  2850/5000  loss=-1.5110  elapsed=5310s
  step  2900/5000  loss=-1.5006  elapsed=5403s
  step  2950/5000  loss=-1.5517  elapsed=5496s
  step  3000/5000  loss=-1.4811  elapsed=5589s
  Saved LoRA checkpoint → /scratch/izar/silly/lora_checkpoints/mixed_styles_gray_4views/step_003000
  step  3050/5000  loss=-1.5394  elapsed=5682s
  step  3100/5000  loss=-1.5522  elapsed=5775s
  step  3150/5000  loss=-1.5067  elapsed=5868s
  step  3200/5000  loss=-1.5451  elapsed=5961s
  step  3250/5000  loss=-1.5436  elapsed=6054s
  step  3300/5000  loss=-1.5957  elapsed=6146s
  step  3350/5000  loss=-1.6107  elapsed=6240s
  step  3400/5000  loss=-1.6045  elapsed=6332s
  step  3450/5000  loss=-1.5259  elapsed=6425s
  step  3500/5000  loss=-1.5828  elapsed=6518s
  Saved LoRA checkpoint → /scratch/izar/silly/lora_checkpoints/mixed_styles_gray_4views/step_003500
  step  3550/5000  loss=-1.4939  elapsed=6611s
  step  3600/5000  loss=-1.4914  elapsed=6703s
  step  3650/5000  loss=-1.5796  elapsed=6797s
  step  3700/5000  loss=-1.5778  elapsed=6889s
  step  3750/5000  loss=-1.5045  elapsed=6982s
  step  3800/5000  loss=-1.6042  elapsed=7075s
  step  3850/5000  loss=-1.6139  elapsed=7168s
  step  3900/5000  loss=-1.6276  elapsed=7261s
  step  3950/5000  loss=-1.5387  elapsed=7354s
  step  4000/5000  loss=-1.6153  elapsed=7447s
  Saved LoRA checkpoint → /scratch/izar/silly/lora_checkpoints/mixed_styles_gray_4views/step_004000
  step  4050/5000  loss=-1.5929  elapsed=7540s
  step  4100/5000  loss=-1.5775  elapsed=7633s
  step  4150/5000  loss=-1.6074  elapsed=7726s
  step  4200/5000  loss=-1.6967  elapsed=7818s
  step  4250/5000  loss=-1.5687  elapsed=7912s
  step  4300/5000  loss=-1.5752  elapsed=8004s
  step  4350/5000  loss=-1.6698  elapsed=8097s
  step  4400/5000  loss=-1.5976  elapsed=8190s
  step  4450/5000  loss=-1.6545  elapsed=8283s
  step  4500/5000  loss=-1.6989  elapsed=8375s
  Saved LoRA checkpoint → /scratch/izar/silly/lora_checkpoints/mixed_styles_gray_4views/step_004500
  step  4550/5000  loss=-1.5791  elapsed=8469s
  step  4600/5000  loss=-1.5825  elapsed=8561s
  step  4650/5000  loss=-1.5335  elapsed=8654s
  step  4700/5000  loss=-1.6600  elapsed=8747s
  step  4750/5000  loss=-1.6732  elapsed=8840s
  step  4800/5000  loss=-1.6174  elapsed=8932s
  step  4850/5000  loss=-1.6411  elapsed=9025s
  step  4900/5000  loss=-1.6391  elapsed=9118s
  step  4950/5000  loss=-1.5973  elapsed=9211s
  step  5000/5000  loss=-1.6352  elapsed=9304s
  Saved LoRA checkpoint → /scratch/izar/silly/lora_checkpoints/mixed_styles_gray_4views/step_005000
Training complete. Final LoRA weights saved to /scratch/izar/silly/lora_checkpoints/mixed_styles_gray_4views/final
