Device: cuda
Loading pretrained model: facebook/map-anything
Loading pretrained dinov2_vitg14 from torch hub
Probing target modules …
  Auto-detected modules: ['proj', 'w3']
trainable params: 2,834,688 || all params: 1,231,325,910 || trainable%: 0.2302
Criterion: ConfLoss(Regr3D(L2Loss()))
Building dataset …
  Dataset size: 101 scenes
Starting LoRA training for 5000 steps …
  step    50/5000  loss=1.9841  elapsed=105s
  step   100/5000  loss=0.2634  elapsed=200s
  step   150/5000  loss=0.1761  elapsed=295s
  step   200/5000  loss=-0.0514  elapsed=390s
  step   250/5000  loss=-0.1755  elapsed=486s
  step   300/5000  loss=-0.1832  elapsed=581s
  step   350/5000  loss=-0.3036  elapsed=677s
  step   400/5000  loss=-0.3506  elapsed=772s
  step   450/5000  loss=-0.4273  elapsed=868s
  step   500/5000  loss=-0.4453  elapsed=963s
  Saved LoRA checkpoint → /scratch/izar/silly/lora_checkpoints/impressionism/step_000500
  step   550/5000  loss=-0.4386  elapsed=1058s
  step   600/5000  loss=-0.5025  elapsed=1154s
  step   650/5000  loss=-0.5236  elapsed=1249s
  step   700/5000  loss=-0.5532  elapsed=1344s
  step   750/5000  loss=-0.5610  elapsed=1440s
  step   800/5000  loss=-0.5876  elapsed=1535s
  step   850/5000  loss=-0.6078  elapsed=1631s
  step   900/5000  loss=-0.5636  elapsed=1726s
  step   950/5000  loss=-0.5731  elapsed=1822s
  step  1000/5000  loss=-0.5764  elapsed=1917s
  Saved LoRA checkpoint → /scratch/izar/silly/lora_checkpoints/impressionism/step_001000
  step  1050/5000  loss=-0.6099  elapsed=2013s
  step  1100/5000  loss=-0.6586  elapsed=2108s
  step  1150/5000  loss=-0.5786  elapsed=2203s
  step  1200/5000  loss=-0.7334  elapsed=2298s
  step  1250/5000  loss=-0.6669  elapsed=2394s
  step  1300/5000  loss=-0.5805  elapsed=2489s
  step  1350/5000  loss=-0.6655  elapsed=2585s
  step  1400/5000  loss=-0.6722  elapsed=2680s
  step  1450/5000  loss=-0.6496  elapsed=2776s
  step  1500/5000  loss=-0.6890  elapsed=2871s
  Saved LoRA checkpoint → /scratch/izar/silly/lora_checkpoints/impressionism/step_001500
  step  1550/5000  loss=-0.6553  elapsed=2966s
  step  1600/5000  loss=-0.7000  elapsed=3062s
  step  1650/5000  loss=-0.7130  elapsed=3157s
  step  1700/5000  loss=-0.6744  elapsed=3252s
  step  1750/5000  loss=-0.7170  elapsed=3348s
  step  1800/5000  loss=-0.6782  elapsed=3443s
  step  1850/5000  loss=-0.7392  elapsed=3539s
  step  1900/5000  loss=-0.7777  elapsed=3634s
  step  1950/5000  loss=-0.7159  elapsed=3729s
  step  2000/5000  loss=-0.7857  elapsed=3824s
  Saved LoRA checkpoint → /scratch/izar/silly/lora_checkpoints/impressionism/step_002000
  step  2050/5000  loss=-0.7536  elapsed=3920s
  step  2100/5000  loss=-0.7592  elapsed=4015s
  step  2150/5000  loss=-0.7398  elapsed=4111s
  step  2200/5000  loss=-0.7382  elapsed=4206s
  step  2250/5000  loss=-0.7816  elapsed=4302s
  step  2300/5000  loss=-0.7185  elapsed=4397s
  step  2350/5000  loss=-0.7368  elapsed=4493s
  step  2400/5000  loss=-0.7729  elapsed=4588s
  step  2450/5000  loss=-0.7288  elapsed=4684s
  step  2500/5000  loss=-0.7774  elapsed=4779s
  Saved LoRA checkpoint → /scratch/izar/silly/lora_checkpoints/impressionism/step_002500
  step  2550/5000  loss=-0.8014  elapsed=4874s
  step  2600/5000  loss=-0.8487  elapsed=4969s
  step  2650/5000  loss=-0.7660  elapsed=5065s
  step  2700/5000  loss=-0.7665  elapsed=5160s
  step  2750/5000  loss=-0.7623  elapsed=5256s
  step  2800/5000  loss=-0.7297  elapsed=5351s
  step  2850/5000  loss=-0.7280  elapsed=5447s
  step  2900/5000  loss=-0.7941  elapsed=5542s
  step  2950/5000  loss=-0.8032  elapsed=5637s
  step  3000/5000  loss=-0.7907  elapsed=5732s
  Saved LoRA checkpoint → /scratch/izar/silly/lora_checkpoints/impressionism/step_003000
  step  3050/5000  loss=-0.7439  elapsed=5828s
  step  3100/5000  loss=-0.8313  elapsed=5923s
  step  3150/5000  loss=-0.7435  elapsed=6019s
  step  3200/5000  loss=-0.8364  elapsed=6114s
  step  3250/5000  loss=-0.7826  elapsed=6210s
  step  3300/5000  loss=-0.7995  elapsed=6305s
  step  3350/5000  loss=-0.8208  elapsed=6401s
  step  3400/5000  loss=-0.8007  elapsed=6496s
  step  3450/5000  loss=-0.8103  elapsed=6591s
  step  3500/5000  loss=-0.7967  elapsed=6686s
  Saved LoRA checkpoint → /scratch/izar/silly/lora_checkpoints/impressionism/step_003500
  step  3550/5000  loss=-0.8644  elapsed=6782s
  step  3600/5000  loss=-0.8239  elapsed=6877s
  step  3650/5000  loss=-0.8441  elapsed=6973s
  step  3700/5000  loss=-0.8196  elapsed=7068s
  step  3750/5000  loss=-0.7902  elapsed=7164s
  step  3800/5000  loss=-0.8524  elapsed=7259s
  step  3850/5000  loss=-0.7729  elapsed=7355s
  step  3900/5000  loss=-0.8327  elapsed=7450s
  step  3950/5000  loss=-0.7786  elapsed=7546s
  step  4000/5000  loss=-0.7894  elapsed=7641s
  Saved LoRA checkpoint → /scratch/izar/silly/lora_checkpoints/impressionism/step_004000
  step  4050/5000  loss=-0.8324  elapsed=7736s
  step  4100/5000  loss=-0.8226  elapsed=7831s
  step  4150/5000  loss=-0.7557  elapsed=7927s
  step  4200/5000  loss=-0.7805  elapsed=8022s
  step  4250/5000  loss=-0.7938  elapsed=8118s
  step  4300/5000  loss=-0.8172  elapsed=8213s
  step  4350/5000  loss=-0.8453  elapsed=8309s
  step  4400/5000  loss=-0.8647  elapsed=8404s
  step  4450/5000  loss=-0.8357  elapsed=8499s
  step  4500/5000  loss=-0.8583  elapsed=8595s
  Saved LoRA checkpoint → /scratch/izar/silly/lora_checkpoints/impressionism/step_004500
  step  4550/5000  loss=-0.8502  elapsed=8690s
  step  4600/5000  loss=-0.8934  elapsed=8785s
  step  4650/5000  loss=-0.8272  elapsed=8881s
  step  4700/5000  loss=-0.8406  elapsed=8976s
  step  4750/5000  loss=-0.8498  elapsed=9072s
  step  4800/5000  loss=-0.8221  elapsed=9167s
  step  4850/5000  loss=-0.7910  elapsed=9262s
  step  4900/5000  loss=-0.7648  elapsed=9358s
  step  4950/5000  loss=-0.7942  elapsed=9453s
  step  5000/5000  loss=-0.8210  elapsed=9548s
  Saved LoRA checkpoint → /scratch/izar/silly/lora_checkpoints/impressionism/step_005000
Training complete. Final LoRA weights saved to /scratch/izar/silly/lora_checkpoints/impressionism/final
